[01-Dec-2005 14:00:18] PHP Warning:  require_once(lang/eng.php): failed to open stream: No such file or directory in C:\wamp\www\triangle\admin\pages\tickets\include\config.php on line 18
[01-Dec-2005 14:00:18] PHP Fatal error:  require_once(): Failed opening required 'lang/eng.php' (include_path='.;c:\php;c:\php\PEAR') in C:\wamp\www\triangle\admin\pages\tickets\include\config.php on line 18
[01-Dec-2005 14:00:44] PHP Warning:  require_once(include/urgency.php): failed to open stream: No such file or directory in C:\wamp\www\triangle\admin\pages\tickets\include\config.php on line 19
[01-Dec-2005 14:00:44] PHP Fatal error:  require_once(): Failed opening required 'include/urgency.php' (include_path='.;c:\php;c:\php\PEAR') in C:\wamp\www\triangle\admin\pages\tickets\include\config.php on line 19
[01-Dec-2005 14:00:55] PHP Warning:  require_once(classes/static/static.FormHandler.php): failed to open stream: No such file or directory in C:\wamp\www\triangle\admin\pages\tickets\classes\GUI\abstract.GUI.php on line 19
[01-Dec-2005 14:00:55] PHP Fatal error:  require_once(): Failed opening required 'classes/static/static.FormHandler.php' (include_path='.;c:\php;c:\php\PEAR') in C:\wamp\www\triangle\admin\pages\tickets\classes\GUI\abstract.GUI.php on line 19
[01-Dec-2005 14:01:37] PHP Warning:  require_once(classes/static/static.FormHandler.php): failed to open stream: No such file or directory in C:\wamp\www\triangle\admin\pages\tickets\classes\GUI\abstract.GUI.php on line 19
[01-Dec-2005 14:01:37] PHP Fatal error:  require_once(): Failed opening required 'classes/static/static.FormHandler.php' (include_path='.;c:\php;c:\php\PEAR') in C:\wamp\www\triangle\admin\pages\tickets\classes\GUI\abstract.GUI.php on line 19
[01-Dec-2005 14:02:00] PHP Warning:  require_once(classes/static/static.FormHandler.php): failed to open stream: No such file or directory in C:\wamp\www\triangle\admin\pages\tickets\classes\GUI\abstract.GUI.php on line 19
[01-Dec-2005 14:02:00] PHP Fatal error:  require_once(): Failed opening required 'classes/static/static.FormHandler.php' (include_path='.;c:\php;c:\php\PEAR') in C:\wamp\www\triangle\admin\pages\tickets\classes\GUI\abstract.GUI.php on line 19
[01-Dec-2005 14:02:25] PHP Warning:  require_once(../../classes/class.User.php): failed to open stream: No such file or directory in C:\wamp\www\triangle\admin\pages\tickets\classes\static\static.FormHandler.php on line 19
[01-Dec-2005 14:02:25] PHP Fatal error:  require_once(): Failed opening required '../../classes/class.User.php' (include_path='.;c:\php;c:\php\PEAR') in C:\wamp\www\triangle\admin\pages\tickets\classes\static\static.FormHandler.php on line 19
[01-Dec-2005 14:02:49] PHP Warning:  require_once(classes/class.User.php): failed to open stream: No such file or directory in C:\wamp\www\triangle\admin\pages\tickets\classes\static\static.FormHandler.php on line 19
[01-Dec-2005 14:02:49] PHP Fatal error:  require_once(): Failed opening required 'classes/class.User.php' (include_path='.;c:\php;c:\php\PEAR') in C:\wamp\www\triangle\admin\pages\tickets\classes\static\static.FormHandler.php on line 19
[01-Dec-2005 14:03:00] PHP Warning:  require_once(classes/class.User.php): failed to open stream: No such file or directory in C:\wamp\www\triangle\admin\pages\tickets\classes\GUI\factory.GUI.php on line 24
[01-Dec-2005 14:03:00] PHP Fatal error:  require_once(): Failed opening required 'classes/class.User.php' (include_path='.;c:\php;c:\php\PEAR') in C:\wamp\www\triangle\admin\pages\tickets\classes\GUI\factory.GUI.php on line 24
[01-Dec-2005 14:03:27] PHP Warning:  require_once(../class.AdminGUI.php): failed to open stream: No such file or directory in C:\wamp\www\triangle\admin\pages\tickets\classes\GUI\factory.GUI.php on line 20
[01-Dec-2005 14:03:27] PHP Fatal error:  require_once(): Failed opening required '../class.AdminGUI.php' (include_path='.;c:\php;c:\php\PEAR') in C:\wamp\www\triangle\admin\pages\tickets\classes\GUI\factory.GUI.php on line 20
[01-Dec-2005 14:03:46] PHP Warning:  require_once(classes/class.User.php): failed to open stream: No such file or directory in C:\wamp\www\triangle\admin\pages\tickets\classes\static\static.FormHandler.php on line 19
[01-Dec-2005 14:03:46] PHP Fatal error:  require_once(): Failed opening required 'classes/class.User.php' (include_path='.;c:\php;c:\php\PEAR') in C:\wamp\www\triangle\admin\pages\tickets\classes\static\static.FormHandler.php on line 19
[01-Dec-2005 14:04:00] PHP Warning:  require_once(classes/class.phpmailer.php): failed to open stream: No such file or directory in C:\wamp\www\triangle\admin\pages\tickets\classes\static\static.MailMan.php on line 22
[01-Dec-2005 14:04:00] PHP Fatal error:  require_once(): Failed opening required 'classes/class.phpmailer.php' (include_path='.;c:\php;c:\php\PEAR') in C:\wamp\www\triangle\admin\pages\tickets\classes\static\static.MailMan.php on line 22
[01-Dec-2005 14:04:25] PHP Fatal error:  Call to undefined method stdClass::Execute() in C:\wamp\www\triangle\admin\pages\tickets\include\config.php on line 98
[16-Dec-2005 09:38:52] PHP Notice:  Use of undefined constant PHPST_PATH - assumed 'PHPST_PATH' in C:\wamp\www\triangle\dist\tickets\include\config.php on line 17
[16-Dec-2005 09:38:52] PHP Warning:  require_once(PHPST_PATHlang/eng.php): failed to open stream: No such file or directory in C:\wamp\www\triangle\dist\tickets\include\config.php on line 17
[16-Dec-2005 09:38:52] PHP Fatal error:  require_once(): Failed opening required 'PHPST_PATHlang/eng.php' (include_path='.;c:\php;c:\php\PEAR;c:\php\PEAR\pear;c:\wamp\www\triangle\common') in C:\wamp\www\triangle\dist\tickets\include\config.php on line 17
